0 info it worked if it ends with ok
1 verbose cli [ '/usr/local/bin/node', '/usr/local/bin/npm', 'run', 'scrape' ]
2 info using npm@4.0.5
3 info using node@v7.4.0
4 verbose run-script [ 'prescrape', 'scrape', 'postscrape' ]
5 info lifecycle uscis-processing-times@1.0.0~prescrape: uscis-processing-times@1.0.0
6 silly lifecycle uscis-processing-times@1.0.0~prescrape: no script for prescrape, continuing
7 info lifecycle uscis-processing-times@1.0.0~scrape: uscis-processing-times@1.0.0
8 verbose lifecycle uscis-processing-times@1.0.0~scrape: unsafe-perm in lifecycle true
9 verbose lifecycle uscis-processing-times@1.0.0~scrape: PATH: /usr/local/lib/node_modules/npm/bin/node-gyp-bin:/home/ariel/work/uscis-processing-times/node_modules/.bin:/home/ariel/miniconda3/bin:/home/ariel/.rbenv/plugins/ruby-build/bin:/home/ariel/.rbenv/shims:/home/ariel/.rbenv/bin:/home/ariel/bin:/home/ariel/.local/bin:/usr/local/sbin:/usr/local/bin:/usr/sbin:/usr/bin:/sbin:/bin:/usr/games:/usr/local/games:/snap/bin:/home/ariel/anaconda3/bin:~/anaconda3/bin
10 verbose lifecycle uscis-processing-times@1.0.0~scrape: CWD: /home/ariel/work/uscis-processing-times
11 silly lifecycle uscis-processing-times@1.0.0~scrape: Args: [ '-c', 'tsc && node dest/scrape.js' ]
12 silly lifecycle uscis-processing-times@1.0.0~scrape: Returned: code: 1  signal: null
13 info lifecycle uscis-processing-times@1.0.0~scrape: Failed to exec scrape script
14 verbose stack Error: uscis-processing-times@1.0.0 scrape: `tsc && node dest/scrape.js`
14 verbose stack Exit status 1
14 verbose stack     at EventEmitter.<anonymous> (/usr/local/lib/node_modules/npm/lib/utils/lifecycle.js:279:16)
14 verbose stack     at emitTwo (events.js:106:13)
14 verbose stack     at EventEmitter.emit (events.js:191:7)
14 verbose stack     at ChildProcess.<anonymous> (/usr/local/lib/node_modules/npm/lib/utils/spawn.js:40:14)
14 verbose stack     at emitTwo (events.js:106:13)
14 verbose stack     at ChildProcess.emit (events.js:191:7)
14 verbose stack     at maybeClose (internal/child_process.js:885:16)
14 verbose stack     at Process.ChildProcess._handle.onexit (internal/child_process.js:226:5)
15 verbose pkgid uscis-processing-times@1.0.0
16 verbose cwd /home/ariel/work/uscis-processing-times
17 error Linux 4.9.0-040900-generic
18 error argv "/usr/local/bin/node" "/usr/local/bin/npm" "run" "scrape"
19 error node v7.4.0
20 error npm  v4.0.5
21 error code ELIFECYCLE
22 error uscis-processing-times@1.0.0 scrape: `tsc && node dest/scrape.js`
22 error Exit status 1
23 error Failed at the uscis-processing-times@1.0.0 scrape script 'tsc && node dest/scrape.js'.
23 error Make sure you have the latest version of node.js and npm installed.
23 error If you do, this is most likely a problem with the uscis-processing-times package,
23 error not with npm itself.
23 error Tell the author that this fails on your system:
23 error     tsc && node dest/scrape.js
23 error You can get information on how to open an issue for this project with:
23 error     npm bugs uscis-processing-times
23 error Or if that isn't available, you can get their info via:
23 error     npm owner ls uscis-processing-times
23 error There is likely additional logging output above.
24 verbose exit [ 1, true ]
